语法

    0 $accept: Program $end

    1 Program: ExtDefList

    2 ExtDefList: %empty
    3           | ExtDef ExtDefList

    4 ExtDef: Specifier ExtDecList SEMI
    5       | Specifier SEMI
    6       | Specifier FunDec CompSt
    7       | Specifier ExtDecList error

    8 ExtDecList: VarDec
    9           | VarDec COMMA ExtDecList
   10           | VarDec ExtDecList error

   11 Specifier: TYPE
   12          | StructSpecifier

   13 StructSpecifier: STRUCT ID LC DefList RC
   14                | STRUCT ID
   15                | STRUCT ID LC DecList error

   16 VarDec: ID
   17       | VarDec LB INT RB
   18       | VarDec LB INT error

   19 FunDec: ID LP VarList RP
   20       | ID LP RP
   21       | ID LP VarList error
   22       | ID LP error

   23 VarList: ParamDec COMMA VarList
   24        | ParamDec VarList error
   25        | ParamDec

   26 ParamDec: Specifier VarDec

   27 CompSt: LC DefList StmtList RC

   28 StmtList: %empty
   29         | Stmt StmtList

   30 Stmt: Exp SEMI
   31     | CompSt
   32     | RETURN Exp SEMI
   33     | IF LP Exp RP Stmt
   34     | IF LP Exp RP Stmt ELSE Stmt
   35     | WHILE LP Exp RP Stmt
   36     | WHILE LP Exp error Stmt
   37     | Exp error
   38     | RETURN Exp error
   39     | IF LP Exp error Stmt

   40 DefList: %empty
   41        | Def DefList

   42 Def: Specifier DecList SEMI
   43    | Specifier DecList error
   44    | error DecList SEMI

   45 DecList: Dec
   46        | Dec COMMA DecList
   47        | Dec DecList error

   48 Dec: VarDec
   49    | VarDec ASSIGN Exp

   50 Exp: Exp ASSIGN Exp
   51    | Exp AND Exp
   52    | Exp OR Exp
   53    | Exp LT Exp
   54    | Exp LE Exp
   55    | Exp GT Exp
   56    | Exp GE Exp
   57    | Exp NE Exp
   58    | Exp EQ Exp
   59    | Exp PLUS Exp
   60    | Exp MINUS Exp
   61    | Exp MUL Exp
   62    | Exp DIV Exp
   63    | LP Exp RP
   64    | LP Exp error
   65    | MINUS Exp
   66    | NOT Exp
   67    | ID LP Args RP
   68    | ID LP Args error
   69    | ID LP RP
   70    | ID LP error
   71    | Exp LB Exp RB
   72    | Exp LB Exp error
   73    | Exp DOT ID
   74    | ID
   75    | INT
   76    | FLOAT
   77    | CHAR
   78    | Exp ERROR Exp
   79    | ERROR

   80 Args: Exp COMMA Args
   81     | Exp COMMA COMMA Args error
   82     | Exp


终结语词，附有它们出现处的规则

    $end (0) 0
    error (256) 7 10 15 18 21 22 24 36 37 38 39 43 44 47 64 68 70 72 81
    LOWER_ERROR (258)
    ERROR (259) 78 79
    LOWER_ELSE <Node_value> (260)
    ELSE <Node_value> (261) 34
    TYPE <Node_value> (262) 11
    STRUCT <Node_value> (263) 13 14 15
    IF <Node_value> (264) 33 34 39
    WHILE <Node_value> (265) 35 36
    RETURN <Node_value> (266) 32 38
    INT <Node_value> (267) 17 18 75
    FLOAT <Node_value> (268) 76
    CHAR <Node_value> (269) 77
    ID <Node_value> (270) 13 14 15 16 19 20 21 22 67 68 69 70 73 74
    ASSIGN <Node_value> (271) 49 50
    OR <Node_value> (272) 52
    AND <Node_value> (273) 51
    LT <Node_value> (274) 53
    LE <Node_value> (275) 54
    GT <Node_value> (276) 55
    GE <Node_value> (277) 56
    NE <Node_value> (278) 57
    EQ <Node_value> (279) 58
    LOWER_MINUS (280)
    PLUS <Node_value> (281) 59
    MINUS <Node_value> (282) 60 65
    MUL <Node_value> (283) 61
    DIV <Node_value> (284) 62
    NOT <Node_value> (285) 66
    LP <Node_value> (286) 19 20 21 22 33 34 35 36 39 63 64 67 68 69 70
    RP <Node_value> (287) 19 20 33 34 35 63 67 69
    LB <Node_value> (288) 17 18 71 72
    RB <Node_value> (289) 17 71
    DOT <Node_value> (290) 73
    SEMI <Node_value> (291) 4 5 30 32 42 44
    COMMA <Node_value> (292) 9 23 46 80 81
    LC <Node_value> (293) 13 15 27
    RC <Node_value> (294) 13 27


非终结语词，附有它们出现处的规则

    $accept (40)
        on left: 0
    Program <Node_value> (41)
        on left: 1
        on right: 0
    ExtDefList <Node_value> (42)
        on left: 2 3
        on right: 1 3
    ExtDef <Node_value> (43)
        on left: 4 5 6 7
        on right: 3
    ExtDecList <Node_value> (44)
        on left: 8 9 10
        on right: 4 7 9 10
    Specifier <Node_value> (45)
        on left: 11 12
        on right: 4 5 6 7 26 42 43
    StructSpecifier <Node_value> (46)
        on left: 13 14 15
        on right: 12
    VarDec <Node_value> (47)
        on left: 16 17 18
        on right: 8 9 10 17 18 26 48 49
    FunDec <Node_value> (48)
        on left: 19 20 21 22
        on right: 6
    VarList <Node_value> (49)
        on left: 23 24 25
        on right: 19 21 23 24
    ParamDec <Node_value> (50)
        on left: 26
        on right: 23 24 25
    CompSt <Node_value> (51)
        on left: 27
        on right: 6 31
    StmtList <Node_value> (52)
        on left: 28 29
        on right: 27 29
    Stmt <Node_value> (53)
        on left: 30 31 32 33 34 35 36 37 38 39
        on right: 29 33 34 35 36 39
    DefList <Node_value> (54)
        on left: 40 41
        on right: 13 27 41
    Def <Node_value> (55)
        on left: 42 43 44
        on right: 41
    DecList <Node_value> (56)
        on left: 45 46 47
        on right: 15 42 43 44 46 47
    Dec <Node_value> (57)
        on left: 48 49
        on right: 45 46 47
    Exp <Node_value> (58)
        on left: 50 51 52 53 54 55 56 57 58 59 60 61 62 63 64 65 66 67 68 69 70 71 72 73 74 75 76 77 78 79
        on right: 30 32 33 34 35 36 37 38 39 49 50 51 52 53 54 55 56 57 58 59 60 61 62 63 64 65 66 71 72 73 78 80 81 82
    Args <Node_value> (59)
        on left: 80 81 82
        on right: 67 68 80 81


状态 0

    0 $accept: . Program $end

    TYPE    偏移，并进入状态 1
    STRUCT  偏移，并进入状态 2

    $default  使用规则 2 以归约 (ExtDefList)

    Program          转到状态 3
    ExtDefList       转到状态 4
    ExtDef           转到状态 5
    Specifier        转到状态 6
    StructSpecifier  转到状态 7


状态 1

   11 Specifier: TYPE .

    $default  使用规则 11 以归约 (Specifier)


状态 2

   13 StructSpecifier: STRUCT . ID LC DefList RC
   14                | STRUCT . ID
   15                | STRUCT . ID LC DecList error

    ID  偏移，并进入状态 8


状态 3

    0 $accept: Program . $end

    $end  偏移，并进入状态 9


状态 4

    1 Program: ExtDefList .

    $default  使用规则 1 以归约 (Program)


状态 5

    3 ExtDefList: ExtDef . ExtDefList

    TYPE    偏移，并进入状态 1
    STRUCT  偏移，并进入状态 2

    $default  使用规则 2 以归约 (ExtDefList)

    ExtDefList       转到状态 10
    ExtDef           转到状态 5
    Specifier        转到状态 6
    StructSpecifier  转到状态 7


状态 6

    4 ExtDef: Specifier . ExtDecList SEMI
    5       | Specifier . SEMI
    6       | Specifier . FunDec CompSt
    7       | Specifier . ExtDecList error

    ID    偏移，并进入状态 11
    SEMI  偏移，并进入状态 12

    ExtDecList  转到状态 13
    VarDec      转到状态 14
    FunDec      转到状态 15


状态 7

   12 Specifier: StructSpecifier .

    $default  使用规则 12 以归约 (Specifier)


状态 8

   13 StructSpecifier: STRUCT ID . LC DefList RC
   14                | STRUCT ID .
   15                | STRUCT ID . LC DecList error

    LC  偏移，并进入状态 16

    $default  使用规则 14 以归约 (StructSpecifier)


状态 9

    0 $accept: Program $end .

    $default  接受


状态 10

    3 ExtDefList: ExtDef ExtDefList .

    $default  使用规则 3 以归约 (ExtDefList)


状态 11

   16 VarDec: ID .
   19 FunDec: ID . LP VarList RP
   20       | ID . LP RP
   21       | ID . LP VarList error
   22       | ID . LP error

    LP  偏移，并进入状态 17

    $default  使用规则 16 以归约 (VarDec)


状态 12

    5 ExtDef: Specifier SEMI .

    $default  使用规则 5 以归约 (ExtDef)


状态 13

    4 ExtDef: Specifier ExtDecList . SEMI
    7       | Specifier ExtDecList . error

    error  偏移，并进入状态 18
    SEMI   偏移，并进入状态 19


状态 14

    8 ExtDecList: VarDec .
    9           | VarDec . COMMA ExtDecList
   10           | VarDec . ExtDecList error
   17 VarDec: VarDec . LB INT RB
   18       | VarDec . LB INT error

    ID     偏移，并进入状态 20
    LB     偏移，并进入状态 21
    COMMA  偏移，并进入状态 22

    $default  使用规则 8 以归约 (ExtDecList)

    ExtDecList  转到状态 23
    VarDec      转到状态 14


状态 15

    6 ExtDef: Specifier FunDec . CompSt

    LC  偏移，并进入状态 24

    CompSt  转到状态 25


状态 16

   13 StructSpecifier: STRUCT ID LC . DefList RC
   15                | STRUCT ID LC . DecList error

    error   偏移，并进入状态 26
    TYPE    偏移，并进入状态 1
    STRUCT  偏移，并进入状态 2
    ID      偏移，并进入状态 20

    RC  使用规则 40 以归约 (DefList)

    Specifier        转到状态 27
    StructSpecifier  转到状态 7
    VarDec           转到状态 28
    DefList          转到状态 29
    Def              转到状态 30
    DecList          转到状态 31
    Dec              转到状态 32


状态 17

   19 FunDec: ID LP . VarList RP
   20       | ID LP . RP
   21       | ID LP . VarList error
   22       | ID LP . error

    error   偏移，并进入状态 33
    TYPE    偏移，并进入状态 1
    STRUCT  偏移，并进入状态 2
    RP      偏移，并进入状态 34

    Specifier        转到状态 35
    StructSpecifier  转到状态 7
    VarList          转到状态 36
    ParamDec         转到状态 37


状态 18

    7 ExtDef: Specifier ExtDecList error .

    $default  使用规则 7 以归约 (ExtDef)


状态 19

    4 ExtDef: Specifier ExtDecList SEMI .

    $default  使用规则 4 以归约 (ExtDef)


状态 20

   16 VarDec: ID .

    $default  使用规则 16 以归约 (VarDec)


状态 21

   17 VarDec: VarDec LB . INT RB
   18       | VarDec LB . INT error

    INT  偏移，并进入状态 38


状态 22

    9 ExtDecList: VarDec COMMA . ExtDecList

    ID  偏移，并进入状态 20

    ExtDecList  转到状态 39
    VarDec      转到状态 14


状态 23

   10 ExtDecList: VarDec ExtDecList . error

    error  偏移，并进入状态 40


状态 24

   27 CompSt: LC . DefList StmtList RC

    error   偏移，并进入状态 26
    TYPE    偏移，并进入状态 1
    STRUCT  偏移，并进入状态 2

    ERROR   使用规则 40 以归约 (DefList)
    IF      使用规则 40 以归约 (DefList)
    WHILE   使用规则 40 以归约 (DefList)
    RETURN  使用规则 40 以归约 (DefList)
    INT     使用规则 40 以归约 (DefList)
    FLOAT   使用规则 40 以归约 (DefList)
    CHAR    使用规则 40 以归约 (DefList)
    ID      使用规则 40 以归约 (DefList)
    MINUS   使用规则 40 以归约 (DefList)
    NOT     使用规则 40 以归约 (DefList)
    LP      使用规则 40 以归约 (DefList)
    LC      使用规则 40 以归约 (DefList)
    RC      使用规则 40 以归约 (DefList)

    Specifier        转到状态 27
    StructSpecifier  转到状态 7
    DefList          转到状态 41
    Def              转到状态 30


状态 25

    6 ExtDef: Specifier FunDec CompSt .

    $default  使用规则 6 以归约 (ExtDef)


状态 26

   44 Def: error . DecList SEMI

    ID  偏移，并进入状态 20

    VarDec   转到状态 28
    DecList  转到状态 42
    Dec      转到状态 32


状态 27

   42 Def: Specifier . DecList SEMI
   43    | Specifier . DecList error

    ID  偏移，并进入状态 20

    VarDec   转到状态 28
    DecList  转到状态 43
    Dec      转到状态 32


状态 28

   17 VarDec: VarDec . LB INT RB
   18       | VarDec . LB INT error
   48 Dec: VarDec .
   49    | VarDec . ASSIGN Exp

    ASSIGN  偏移，并进入状态 44
    LB      偏移，并进入状态 21

    $default  使用规则 48 以归约 (Dec)


状态 29

   13 StructSpecifier: STRUCT ID LC DefList . RC

    RC  偏移，并进入状态 45


状态 30

   41 DefList: Def . DefList

    error   偏移，并进入状态 26
    TYPE    偏移，并进入状态 1
    STRUCT  偏移，并进入状态 2

    ERROR   使用规则 40 以归约 (DefList)
    IF      使用规则 40 以归约 (DefList)
    WHILE   使用规则 40 以归约 (DefList)
    RETURN  使用规则 40 以归约 (DefList)
    INT     使用规则 40 以归约 (DefList)
    FLOAT   使用规则 40 以归约 (DefList)
    CHAR    使用规则 40 以归约 (DefList)
    ID      使用规则 40 以归约 (DefList)
    MINUS   使用规则 40 以归约 (DefList)
    NOT     使用规则 40 以归约 (DefList)
    LP      使用规则 40 以归约 (DefList)
    LC      使用规则 40 以归约 (DefList)
    RC      使用规则 40 以归约 (DefList)

    Specifier        转到状态 27
    StructSpecifier  转到状态 7
    DefList          转到状态 46
    Def              转到状态 30


状态 31

   15 StructSpecifier: STRUCT ID LC DecList . error

    error  偏移，并进入状态 47


状态 32

   45 DecList: Dec .
   46        | Dec . COMMA DecList
   47        | Dec . DecList error

    ID     偏移，并进入状态 20
    COMMA  偏移，并进入状态 48

    $default  使用规则 45 以归约 (DecList)

    VarDec   转到状态 28
    DecList  转到状态 49
    Dec      转到状态 32


状态 33

   22 FunDec: ID LP error .

    $default  使用规则 22 以归约 (FunDec)


状态 34

   20 FunDec: ID LP RP .

    $default  使用规则 20 以归约 (FunDec)


状态 35

   26 ParamDec: Specifier . VarDec

    ID  偏移，并进入状态 20

    VarDec  转到状态 50


状态 36

   19 FunDec: ID LP VarList . RP
   21       | ID LP VarList . error

    error  偏移，并进入状态 51
    RP     偏移，并进入状态 52


状态 37

   23 VarList: ParamDec . COMMA VarList
   24        | ParamDec . VarList error
   25        | ParamDec .

    TYPE    偏移，并进入状态 1
    STRUCT  偏移，并进入状态 2
    COMMA   偏移，并进入状态 53

    $default  使用规则 25 以归约 (VarList)

    Specifier        转到状态 35
    StructSpecifier  转到状态 7
    VarList          转到状态 54
    ParamDec         转到状态 37


状态 38

   17 VarDec: VarDec LB INT . RB
   18       | VarDec LB INT . error

    error  偏移，并进入状态 55
    RB     偏移，并进入状态 56


状态 39

    9 ExtDecList: VarDec COMMA ExtDecList .

    $default  使用规则 9 以归约 (ExtDecList)


状态 40

   10 ExtDecList: VarDec ExtDecList error .

    $default  使用规则 10 以归约 (ExtDecList)


状态 41

   27 CompSt: LC DefList . StmtList RC

    ERROR   偏移，并进入状态 57
    IF      偏移，并进入状态 58
    WHILE   偏移，并进入状态 59
    RETURN  偏移，并进入状态 60
    INT     偏移，并进入状态 61
    FLOAT   偏移，并进入状态 62
    CHAR    偏移，并进入状态 63
    ID      偏移，并进入状态 64
    MINUS   偏移，并进入状态 65
    NOT     偏移，并进入状态 66
    LP      偏移，并进入状态 67
    LC      偏移，并进入状态 24

    $default  使用规则 28 以归约 (StmtList)

    CompSt    转到状态 68
    StmtList  转到状态 69
    Stmt      转到状态 70
    Exp       转到状态 71


状态 42

   44 Def: error DecList . SEMI

    SEMI  偏移，并进入状态 72


状态 43

   42 Def: Specifier DecList . SEMI
   43    | Specifier DecList . error

    error  偏移，并进入状态 73
    SEMI   偏移，并进入状态 74


状态 44

   49 Dec: VarDec ASSIGN . Exp

    ERROR  偏移，并进入状态 57
    INT    偏移，并进入状态 61
    FLOAT  偏移，并进入状态 62
    CHAR   偏移，并进入状态 63
    ID     偏移，并进入状态 64
    MINUS  偏移，并进入状态 65
    NOT    偏移，并进入状态 66
    LP     偏移，并进入状态 67

    Exp  转到状态 75


状态 45

   13 StructSpecifier: STRUCT ID LC DefList RC .

    $default  使用规则 13 以归约 (StructSpecifier)


状态 46

   41 DefList: Def DefList .

    $default  使用规则 41 以归约 (DefList)


状态 47

   15 StructSpecifier: STRUCT ID LC DecList error .

    $default  使用规则 15 以归约 (StructSpecifier)


状态 48

   46 DecList: Dec COMMA . DecList

    ID  偏移，并进入状态 20

    VarDec   转到状态 28
    DecList  转到状态 76
    Dec      转到状态 32


状态 49

   47 DecList: Dec DecList . error

    error  偏移，并进入状态 77


状态 50

   17 VarDec: VarDec . LB INT RB
   18       | VarDec . LB INT error
   26 ParamDec: Specifier VarDec .

    LB  偏移，并进入状态 21

    $default  使用规则 26 以归约 (ParamDec)


状态 51

   21 FunDec: ID LP VarList error .

    $default  使用规则 21 以归约 (FunDec)


状态 52

   19 FunDec: ID LP VarList RP .

    $default  使用规则 19 以归约 (FunDec)


状态 53

   23 VarList: ParamDec COMMA . VarList

    TYPE    偏移，并进入状态 1
    STRUCT  偏移，并进入状态 2

    Specifier        转到状态 35
    StructSpecifier  转到状态 7
    VarList          转到状态 78
    ParamDec         转到状态 37


状态 54

   24 VarList: ParamDec VarList . error

    error  偏移，并进入状态 79


状态 55

   18 VarDec: VarDec LB INT error .

    $default  使用规则 18 以归约 (VarDec)


状态 56

   17 VarDec: VarDec LB INT RB .

    $default  使用规则 17 以归约 (VarDec)


状态 57

   79 Exp: ERROR .

    $default  使用规则 79 以归约 (Exp)


状态 58

   33 Stmt: IF . LP Exp RP Stmt
   34     | IF . LP Exp RP Stmt ELSE Stmt
   39     | IF . LP Exp error Stmt

    LP  偏移，并进入状态 80


状态 59

   35 Stmt: WHILE . LP Exp RP Stmt
   36     | WHILE . LP Exp error Stmt

    LP  偏移，并进入状态 81


状态 60

   32 Stmt: RETURN . Exp SEMI
   38     | RETURN . Exp error

    ERROR  偏移，并进入状态 57
    INT    偏移，并进入状态 61
    FLOAT  偏移，并进入状态 62
    CHAR   偏移，并进入状态 63
    ID     偏移，并进入状态 64
    MINUS  偏移，并进入状态 65
    NOT    偏移，并进入状态 66
    LP     偏移，并进入状态 67

    Exp  转到状态 82


状态 61

   75 Exp: INT .

    $default  使用规则 75 以归约 (Exp)


状态 62

   76 Exp: FLOAT .

    $default  使用规则 76 以归约 (Exp)


状态 63

   77 Exp: CHAR .

    $default  使用规则 77 以归约 (Exp)


状态 64

   67 Exp: ID . LP Args RP
   68    | ID . LP Args error
   69    | ID . LP RP
   70    | ID . LP error
   74    | ID .

    LP  偏移，并进入状态 83

    $default  使用规则 74 以归约 (Exp)


状态 65

   65 Exp: MINUS . Exp

    ERROR  偏移，并进入状态 57
    INT    偏移，并进入状态 61
    FLOAT  偏移，并进入状态 62
    CHAR   偏移，并进入状态 63
    ID     偏移，并进入状态 64
    MINUS  偏移，并进入状态 65
    NOT    偏移，并进入状态 66
    LP     偏移，并进入状态 67

    Exp  转到状态 84


状态 66

   66 Exp: NOT . Exp

    ERROR  偏移，并进入状态 57
    INT    偏移，并进入状态 61
    FLOAT  偏移，并进入状态 62
    CHAR   偏移，并进入状态 63
    ID     偏移，并进入状态 64
    MINUS  偏移，并进入状态 65
    NOT    偏移，并进入状态 66
    LP     偏移，并进入状态 67

    Exp  转到状态 85


状态 67

   63 Exp: LP . Exp RP
   64    | LP . Exp error

    ERROR  偏移，并进入状态 57
    INT    偏移，并进入状态 61
    FLOAT  偏移，并进入状态 62
    CHAR   偏移，并进入状态 63
    ID     偏移，并进入状态 64
    MINUS  偏移，并进入状态 65
    NOT    偏移，并进入状态 66
    LP     偏移，并进入状态 67

    Exp  转到状态 86


状态 68

   31 Stmt: CompSt .

    $default  使用规则 31 以归约 (Stmt)


状态 69

   27 CompSt: LC DefList StmtList . RC

    RC  偏移，并进入状态 87


状态 70

   29 StmtList: Stmt . StmtList

    ERROR   偏移，并进入状态 57
    IF      偏移，并进入状态 58
    WHILE   偏移，并进入状态 59
    RETURN  偏移，并进入状态 60
    INT     偏移，并进入状态 61
    FLOAT   偏移，并进入状态 62
    CHAR    偏移，并进入状态 63
    ID      偏移，并进入状态 64
    MINUS   偏移，并进入状态 65
    NOT     偏移，并进入状态 66
    LP      偏移，并进入状态 67
    LC      偏移，并进入状态 24

    $default  使用规则 28 以归约 (StmtList)

    CompSt    转到状态 68
    StmtList  转到状态 88
    Stmt      转到状态 70
    Exp       转到状态 71


状态 71

   30 Stmt: Exp . SEMI
   37     | Exp . error
   50 Exp: Exp . ASSIGN Exp
   51    | Exp . AND Exp
   52    | Exp . OR Exp
   53    | Exp . LT Exp
   54    | Exp . LE Exp
   55    | Exp . GT Exp
   56    | Exp . GE Exp
   57    | Exp . NE Exp
   58    | Exp . EQ Exp
   59    | Exp . PLUS Exp
   60    | Exp . MINUS Exp
   61    | Exp . MUL Exp
   62    | Exp . DIV Exp
   71    | Exp . LB Exp RB
   72    | Exp . LB Exp error
   73    | Exp . DOT ID
   78    | Exp . ERROR Exp

    error   偏移，并进入状态 89
    ERROR   偏移，并进入状态 90
    ASSIGN  偏移，并进入状态 91
    OR      偏移，并进入状态 92
    AND     偏移，并进入状态 93
    LT      偏移，并进入状态 94
    LE      偏移，并进入状态 95
    GT      偏移，并进入状态 96
    GE      偏移，并进入状态 97
    NE      偏移，并进入状态 98
    EQ      偏移，并进入状态 99
    PLUS    偏移，并进入状态 100
    MINUS   偏移，并进入状态 101
    MUL     偏移，并进入状态 102
    DIV     偏移，并进入状态 103
    LB      偏移，并进入状态 104
    DOT     偏移，并进入状态 105
    SEMI    偏移，并进入状态 106


状态 72

   44 Def: error DecList SEMI .

    $default  使用规则 44 以归约 (Def)


状态 73

   43 Def: Specifier DecList error .

    $default  使用规则 43 以归约 (Def)


状态 74

   42 Def: Specifier DecList SEMI .

    $default  使用规则 42 以归约 (Def)


状态 75

   49 Dec: VarDec ASSIGN Exp .
   50 Exp: Exp . ASSIGN Exp
   51    | Exp . AND Exp
   52    | Exp . OR Exp
   53    | Exp . LT Exp
   54    | Exp . LE Exp
   55    | Exp . GT Exp
   56    | Exp . GE Exp
   57    | Exp . NE Exp
   58    | Exp . EQ Exp
   59    | Exp . PLUS Exp
   60    | Exp . MINUS Exp
   61    | Exp . MUL Exp
   62    | Exp . DIV Exp
   71    | Exp . LB Exp RB
   72    | Exp . LB Exp error
   73    | Exp . DOT ID
   78    | Exp . ERROR Exp

    ERROR   偏移，并进入状态 90
    ASSIGN  偏移，并进入状态 91
    OR      偏移，并进入状态 92
    AND     偏移，并进入状态 93
    LT      偏移，并进入状态 94
    LE      偏移，并进入状态 95
    GT      偏移，并进入状态 96
    GE      偏移，并进入状态 97
    NE      偏移，并进入状态 98
    EQ      偏移，并进入状态 99
    PLUS    偏移，并进入状态 100
    MINUS   偏移，并进入状态 101
    MUL     偏移，并进入状态 102
    DIV     偏移，并进入状态 103
    LB      偏移，并进入状态 104
    DOT     偏移，并进入状态 105

    $default  使用规则 49 以归约 (Dec)


状态 76

   46 DecList: Dec COMMA DecList .

    $default  使用规则 46 以归约 (DecList)


状态 77

   47 DecList: Dec DecList error .

    $default  使用规则 47 以归约 (DecList)


状态 78

   23 VarList: ParamDec COMMA VarList .

    $default  使用规则 23 以归约 (VarList)


状态 79

   24 VarList: ParamDec VarList error .

    $default  使用规则 24 以归约 (VarList)


状态 80

   33 Stmt: IF LP . Exp RP Stmt
   34     | IF LP . Exp RP Stmt ELSE Stmt
   39     | IF LP . Exp error Stmt

    ERROR  偏移，并进入状态 57
    INT    偏移，并进入状态 61
    FLOAT  偏移，并进入状态 62
    CHAR   偏移，并进入状态 63
    ID     偏移，并进入状态 64
    MINUS  偏移，并进入状态 65
    NOT    偏移，并进入状态 66
    LP     偏移，并进入状态 67

    Exp  转到状态 107


状态 81

   35 Stmt: WHILE LP . Exp RP Stmt
   36     | WHILE LP . Exp error Stmt

    ERROR  偏移，并进入状态 57
    INT    偏移，并进入状态 61
    FLOAT  偏移，并进入状态 62
    CHAR   偏移，并进入状态 63
    ID     偏移，并进入状态 64
    MINUS  偏移，并进入状态 65
    NOT    偏移，并进入状态 66
    LP     偏移，并进入状态 67

    Exp  转到状态 108


状态 82

   32 Stmt: RETURN Exp . SEMI
   38     | RETURN Exp . error
   50 Exp: Exp . ASSIGN Exp
   51    | Exp . AND Exp
   52    | Exp . OR Exp
   53    | Exp . LT Exp
   54    | Exp . LE Exp
   55    | Exp . GT Exp
   56    | Exp . GE Exp
   57    | Exp . NE Exp
   58    | Exp . EQ Exp
   59    | Exp . PLUS Exp
   60    | Exp . MINUS Exp
   61    | Exp . MUL Exp
   62    | Exp . DIV Exp
   71    | Exp . LB Exp RB
   72    | Exp . LB Exp error
   73    | Exp . DOT ID
   78    | Exp . ERROR Exp

    error   偏移，并进入状态 109
    ERROR   偏移，并进入状态 90
    ASSIGN  偏移，并进入状态 91
    OR      偏移，并进入状态 92
    AND     偏移，并进入状态 93
    LT      偏移，并进入状态 94
    LE      偏移，并进入状态 95
    GT      偏移，并进入状态 96
    GE      偏移，并进入状态 97
    NE      偏移，并进入状态 98
    EQ      偏移，并进入状态 99
    PLUS    偏移，并进入状态 100
    MINUS   偏移，并进入状态 101
    MUL     偏移，并进入状态 102
    DIV     偏移，并进入状态 103
    LB      偏移，并进入状态 104
    DOT     偏移，并进入状态 105
    SEMI    偏移，并进入状态 110


状态 83

   67 Exp: ID LP . Args RP
   68    | ID LP . Args error
   69    | ID LP . RP
   70    | ID LP . error

    error  偏移，并进入状态 111
    ERROR  偏移，并进入状态 57
    INT    偏移，并进入状态 61
    FLOAT  偏移，并进入状态 62
    CHAR   偏移，并进入状态 63
    ID     偏移，并进入状态 64
    MINUS  偏移，并进入状态 65
    NOT    偏移，并进入状态 66
    LP     偏移，并进入状态 67
    RP     偏移，并进入状态 112

    Exp   转到状态 113
    Args  转到状态 114


状态 84

   50 Exp: Exp . ASSIGN Exp
   51    | Exp . AND Exp
   52    | Exp . OR Exp
   53    | Exp . LT Exp
   54    | Exp . LE Exp
   55    | Exp . GT Exp
   56    | Exp . GE Exp
   57    | Exp . NE Exp
   58    | Exp . EQ Exp
   59    | Exp . PLUS Exp
   60    | Exp . MINUS Exp
   61    | Exp . MUL Exp
   62    | Exp . DIV Exp
   65    | MINUS Exp .
   71    | Exp . LB Exp RB
   72    | Exp . LB Exp error
   73    | Exp . DOT ID
   78    | Exp . ERROR Exp

    PLUS   偏移，并进入状态 100
    MINUS  偏移，并进入状态 101
    MUL    偏移，并进入状态 102
    DIV    偏移，并进入状态 103
    LB     偏移，并进入状态 104
    DOT    偏移，并进入状态 105

    $default  使用规则 65 以归约 (Exp)


状态 85

   50 Exp: Exp . ASSIGN Exp
   51    | Exp . AND Exp
   52    | Exp . OR Exp
   53    | Exp . LT Exp
   54    | Exp . LE Exp
   55    | Exp . GT Exp
   56    | Exp . GE Exp
   57    | Exp . NE Exp
   58    | Exp . EQ Exp
   59    | Exp . PLUS Exp
   60    | Exp . MINUS Exp
   61    | Exp . MUL Exp
   62    | Exp . DIV Exp
   66    | NOT Exp .
   71    | Exp . LB Exp RB
   72    | Exp . LB Exp error
   73    | Exp . DOT ID
   78    | Exp . ERROR Exp

    LB   偏移，并进入状态 104
    DOT  偏移，并进入状态 105

    $default  使用规则 66 以归约 (Exp)


状态 86

   50 Exp: Exp . ASSIGN Exp
   51    | Exp . AND Exp
   52    | Exp . OR Exp
   53    | Exp . LT Exp
   54    | Exp . LE Exp
   55    | Exp . GT Exp
   56    | Exp . GE Exp
   57    | Exp . NE Exp
   58    | Exp . EQ Exp
   59    | Exp . PLUS Exp
   60    | Exp . MINUS Exp
   61    | Exp . MUL Exp
   62    | Exp . DIV Exp
   63    | LP Exp . RP
   64    | LP Exp . error
   71    | Exp . LB Exp RB
   72    | Exp . LB Exp error
   73    | Exp . DOT ID
   78    | Exp . ERROR Exp

    error   偏移，并进入状态 115
    ERROR   偏移，并进入状态 90
    ASSIGN  偏移，并进入状态 91
    OR      偏移，并进入状态 92
    AND     偏移，并进入状态 93
    LT      偏移，并进入状态 94
    LE      偏移，并进入状态 95
    GT      偏移，并进入状态 96
    GE      偏移，并进入状态 97
    NE      偏移，并进入状态 98
    EQ      偏移，并进入状态 99
    PLUS    偏移，并进入状态 100
    MINUS   偏移，并进入状态 101
    MUL     偏移，并进入状态 102
    DIV     偏移，并进入状态 103
    RP      偏移，并进入状态 116
    LB      偏移，并进入状态 104
    DOT     偏移，并进入状态 105


状态 87

   27 CompSt: LC DefList StmtList RC .

    $default  使用规则 27 以归约 (CompSt)


状态 88

   29 StmtList: Stmt StmtList .

    $default  使用规则 29 以归约 (StmtList)


状态 89

   37 Stmt: Exp error .

    $default  使用规则 37 以归约 (Stmt)


状态 90

   78 Exp: Exp ERROR . Exp

    ERROR  偏移，并进入状态 57
    INT    偏移，并进入状态 61
    FLOAT  偏移，并进入状态 62
    CHAR   偏移，并进入状态 63
    ID     偏移，并进入状态 64
    MINUS  偏移，并进入状态 65
    NOT    偏移，并进入状态 66
    LP     偏移，并进入状态 67

    Exp  转到状态 117


状态 91

   50 Exp: Exp ASSIGN . Exp

    ERROR  偏移，并进入状态 57
    INT    偏移，并进入状态 61
    FLOAT  偏移，并进入状态 62
    CHAR   偏移，并进入状态 63
    ID     偏移，并进入状态 64
    MINUS  偏移，并进入状态 65
    NOT    偏移，并进入状态 66
    LP     偏移，并进入状态 67

    Exp  转到状态 118


状态 92

   52 Exp: Exp OR . Exp

    ERROR  偏移，并进入状态 57
    INT    偏移，并进入状态 61
    FLOAT  偏移，并进入状态 62
    CHAR   偏移，并进入状态 63
    ID     偏移，并进入状态 64
    MINUS  偏移，并进入状态 65
    NOT    偏移，并进入状态 66
    LP     偏移，并进入状态 67

    Exp  转到状态 119


状态 93

   51 Exp: Exp AND . Exp

    ERROR  偏移，并进入状态 57
    INT    偏移，并进入状态 61
    FLOAT  偏移，并进入状态 62
    CHAR   偏移，并进入状态 63
    ID     偏移，并进入状态 64
    MINUS  偏移，并进入状态 65
    NOT    偏移，并进入状态 66
    LP     偏移，并进入状态 67

    Exp  转到状态 120


状态 94

   53 Exp: Exp LT . Exp

    ERROR  偏移，并进入状态 57
    INT    偏移，并进入状态 61
    FLOAT  偏移，并进入状态 62
    CHAR   偏移，并进入状态 63
    ID     偏移，并进入状态 64
    MINUS  偏移，并进入状态 65
    NOT    偏移，并进入状态 66
    LP     偏移，并进入状态 67

    Exp  转到状态 121


状态 95

   54 Exp: Exp LE . Exp

    ERROR  偏移，并进入状态 57
    INT    偏移，并进入状态 61
    FLOAT  偏移，并进入状态 62
    CHAR   偏移，并进入状态 63
    ID     偏移，并进入状态 64
    MINUS  偏移，并进入状态 65
    NOT    偏移，并进入状态 66
    LP     偏移，并进入状态 67

    Exp  转到状态 122


状态 96

   55 Exp: Exp GT . Exp

    ERROR  偏移，并进入状态 57
    INT    偏移，并进入状态 61
    FLOAT  偏移，并进入状态 62
    CHAR   偏移，并进入状态 63
    ID     偏移，并进入状态 64
    MINUS  偏移，并进入状态 65
    NOT    偏移，并进入状态 66
    LP     偏移，并进入状态 67

    Exp  转到状态 123


状态 97

   56 Exp: Exp GE . Exp

    ERROR  偏移，并进入状态 57
    INT    偏移，并进入状态 61
    FLOAT  偏移，并进入状态 62
    CHAR   偏移，并进入状态 63
    ID     偏移，并进入状态 64
    MINUS  偏移，并进入状态 65
    NOT    偏移，并进入状态 66
    LP     偏移，并进入状态 67

    Exp  转到状态 124


状态 98

   57 Exp: Exp NE . Exp

    ERROR  偏移，并进入状态 57
    INT    偏移，并进入状态 61
    FLOAT  偏移，并进入状态 62
    CHAR   偏移，并进入状态 63
    ID     偏移，并进入状态 64
    MINUS  偏移，并进入状态 65
    NOT    偏移，并进入状态 66
    LP     偏移，并进入状态 67

    Exp  转到状态 125


状态 99

   58 Exp: Exp EQ . Exp

    ERROR  偏移，并进入状态 57
    INT    偏移，并进入状态 61
    FLOAT  偏移，并进入状态 62
    CHAR   偏移，并进入状态 63
    ID     偏移，并进入状态 64
    MINUS  偏移，并进入状态 65
    NOT    偏移，并进入状态 66
    LP     偏移，并进入状态 67

    Exp  转到状态 126


状态 100

   59 Exp: Exp PLUS . Exp

    ERROR  偏移，并进入状态 57
    INT    偏移，并进入状态 61
    FLOAT  偏移，并进入状态 62
    CHAR   偏移，并进入状态 63
    ID     偏移，并进入状态 64
    MINUS  偏移，并进入状态 65
    NOT    偏移，并进入状态 66
    LP     偏移，并进入状态 67

    Exp  转到状态 127


状态 101

   60 Exp: Exp MINUS . Exp

    ERROR  偏移，并进入状态 57
    INT    偏移，并进入状态 61
    FLOAT  偏移，并进入状态 62
    CHAR   偏移，并进入状态 63
    ID     偏移，并进入状态 64
    MINUS  偏移，并进入状态 65
    NOT    偏移，并进入状态 66
    LP     偏移，并进入状态 67

    Exp  转到状态 128


状态 102

   61 Exp: Exp MUL . Exp

    ERROR  偏移，并进入状态 57
    INT    偏移，并进入状态 61
    FLOAT  偏移，并进入状态 62
    CHAR   偏移，并进入状态 63
    ID     偏移，并进入状态 64
    MINUS  偏移，并进入状态 65
    NOT    偏移，并进入状态 66
    LP     偏移，并进入状态 67

    Exp  转到状态 129


状态 103

   62 Exp: Exp DIV . Exp

    ERROR  偏移，并进入状态 57
    INT    偏移，并进入状态 61
    FLOAT  偏移，并进入状态 62
    CHAR   偏移，并进入状态 63
    ID     偏移，并进入状态 64
    MINUS  偏移，并进入状态 65
    NOT    偏移，并进入状态 66
    LP     偏移，并进入状态 67

    Exp  转到状态 130


状态 104

   71 Exp: Exp LB . Exp RB
   72    | Exp LB . Exp error

    ERROR  偏移，并进入状态 57
    INT    偏移，并进入状态 61
    FLOAT  偏移，并进入状态 62
    CHAR   偏移，并进入状态 63
    ID     偏移，并进入状态 64
    MINUS  偏移，并进入状态 65
    NOT    偏移，并进入状态 66
    LP     偏移，并进入状态 67

    Exp  转到状态 131


状态 105

   73 Exp: Exp DOT . ID

    ID  偏移，并进入状态 132


状态 106

   30 Stmt: Exp SEMI .

    $default  使用规则 30 以归约 (Stmt)


状态 107

   33 Stmt: IF LP Exp . RP Stmt
   34     | IF LP Exp . RP Stmt ELSE Stmt
   39     | IF LP Exp . error Stmt
   50 Exp: Exp . ASSIGN Exp
   51    | Exp . AND Exp
   52    | Exp . OR Exp
   53    | Exp . LT Exp
   54    | Exp . LE Exp
   55    | Exp . GT Exp
   56    | Exp . GE Exp
   57    | Exp . NE Exp
   58    | Exp . EQ Exp
   59    | Exp . PLUS Exp
   60    | Exp . MINUS Exp
   61    | Exp . MUL Exp
   62    | Exp . DIV Exp
   71    | Exp . LB Exp RB
   72    | Exp . LB Exp error
   73    | Exp . DOT ID
   78    | Exp . ERROR Exp

    error   偏移，并进入状态 133
    ERROR   偏移，并进入状态 90
    ASSIGN  偏移，并进入状态 91
    OR      偏移，并进入状态 92
    AND     偏移，并进入状态 93
    LT      偏移，并进入状态 94
    LE      偏移，并进入状态 95
    GT      偏移，并进入状态 96
    GE      偏移，并进入状态 97
    NE      偏移，并进入状态 98
    EQ      偏移，并进入状态 99
    PLUS    偏移，并进入状态 100
    MINUS   偏移，并进入状态 101
    MUL     偏移，并进入状态 102
    DIV     偏移，并进入状态 103
    RP      偏移，并进入状态 134
    LB      偏移，并进入状态 104
    DOT     偏移，并进入状态 105


状态 108

   35 Stmt: WHILE LP Exp . RP Stmt
   36     | WHILE LP Exp . error Stmt
   50 Exp: Exp . ASSIGN Exp
   51    | Exp . AND Exp
   52    | Exp . OR Exp
   53    | Exp . LT Exp
   54    | Exp . LE Exp
   55    | Exp . GT Exp
   56    | Exp . GE Exp
   57    | Exp . NE Exp
   58    | Exp . EQ Exp
   59    | Exp . PLUS Exp
   60    | Exp . MINUS Exp
   61    | Exp . MUL Exp
   62    | Exp . DIV Exp
   71    | Exp . LB Exp RB
   72    | Exp . LB Exp error
   73    | Exp . DOT ID
   78    | Exp . ERROR Exp

    error   偏移，并进入状态 135
    ERROR   偏移，并进入状态 90
    ASSIGN  偏移，并进入状态 91
    OR      偏移，并进入状态 92
    AND     偏移，并进入状态 93
    LT      偏移，并进入状态 94
    LE      偏移，并进入状态 95
    GT      偏移，并进入状态 96
    GE      偏移，并进入状态 97
    NE      偏移，并进入状态 98
    EQ      偏移，并进入状态 99
    PLUS    偏移，并进入状态 100
    MINUS   偏移，并进入状态 101
    MUL     偏移，并进入状态 102
    DIV     偏移，并进入状态 103
    RP      偏移，并进入状态 136
    LB      偏移，并进入状态 104
    DOT     偏移，并进入状态 105


状态 109

   38 Stmt: RETURN Exp error .

    $default  使用规则 38 以归约 (Stmt)


状态 110

   32 Stmt: RETURN Exp SEMI .

    $default  使用规则 32 以归约 (Stmt)


状态 111

   70 Exp: ID LP error .

    $default  使用规则 70 以归约 (Exp)


状态 112

   69 Exp: ID LP RP .

    $default  使用规则 69 以归约 (Exp)


状态 113

   50 Exp: Exp . ASSIGN Exp
   51    | Exp . AND Exp
   52    | Exp . OR Exp
   53    | Exp . LT Exp
   54    | Exp . LE Exp
   55    | Exp . GT Exp
   56    | Exp . GE Exp
   57    | Exp . NE Exp
   58    | Exp . EQ Exp
   59    | Exp . PLUS Exp
   60    | Exp . MINUS Exp
   61    | Exp . MUL Exp
   62    | Exp . DIV Exp
   71    | Exp . LB Exp RB
   72    | Exp . LB Exp error
   73    | Exp . DOT ID
   78    | Exp . ERROR Exp
   80 Args: Exp . COMMA Args
   81     | Exp . COMMA COMMA Args error
   82     | Exp .

    ERROR   偏移，并进入状态 90
    ASSIGN  偏移，并进入状态 91
    OR      偏移，并进入状态 92
    AND     偏移，并进入状态 93
    LT      偏移，并进入状态 94
    LE      偏移，并进入状态 95
    GT      偏移，并进入状态 96
    GE      偏移，并进入状态 97
    NE      偏移，并进入状态 98
    EQ      偏移，并进入状态 99
    PLUS    偏移，并进入状态 100
    MINUS   偏移，并进入状态 101
    MUL     偏移，并进入状态 102
    DIV     偏移，并进入状态 103
    LB      偏移，并进入状态 104
    DOT     偏移，并进入状态 105
    COMMA   偏移，并进入状态 137

    $default  使用规则 82 以归约 (Args)


状态 114

   67 Exp: ID LP Args . RP
   68    | ID LP Args . error

    error  偏移，并进入状态 138
    RP     偏移，并进入状态 139


状态 115

   64 Exp: LP Exp error .

    $default  使用规则 64 以归约 (Exp)


状态 116

   63 Exp: LP Exp RP .

    $default  使用规则 63 以归约 (Exp)


状态 117

   50 Exp: Exp . ASSIGN Exp
   51    | Exp . AND Exp
   52    | Exp . OR Exp
   53    | Exp . LT Exp
   54    | Exp . LE Exp
   55    | Exp . GT Exp
   56    | Exp . GE Exp
   57    | Exp . NE Exp
   58    | Exp . EQ Exp
   59    | Exp . PLUS Exp
   60    | Exp . MINUS Exp
   61    | Exp . MUL Exp
   62    | Exp . DIV Exp
   71    | Exp . LB Exp RB
   72    | Exp . LB Exp error
   73    | Exp . DOT ID
   78    | Exp . ERROR Exp
   78    | Exp ERROR Exp .

    ASSIGN  偏移，并进入状态 91
    OR      偏移，并进入状态 92
    AND     偏移，并进入状态 93
    LT      偏移，并进入状态 94
    LE      偏移，并进入状态 95
    GT      偏移，并进入状态 96
    GE      偏移，并进入状态 97
    NE      偏移，并进入状态 98
    EQ      偏移，并进入状态 99
    PLUS    偏移，并进入状态 100
    MINUS   偏移，并进入状态 101
    MUL     偏移，并进入状态 102
    DIV     偏移，并进入状态 103
    LB      偏移，并进入状态 104
    DOT     偏移，并进入状态 105

    ERROR  错误 (非相联的)

    $default  使用规则 78 以归约 (Exp)


状态 118

   50 Exp: Exp . ASSIGN Exp
   50    | Exp ASSIGN Exp .
   51    | Exp . AND Exp
   52    | Exp . OR Exp
   53    | Exp . LT Exp
   54    | Exp . LE Exp
   55    | Exp . GT Exp
   56    | Exp . GE Exp
   57    | Exp . NE Exp
   58    | Exp . EQ Exp
   59    | Exp . PLUS Exp
   60    | Exp . MINUS Exp
   61    | Exp . MUL Exp
   62    | Exp . DIV Exp
   71    | Exp . LB Exp RB
   72    | Exp . LB Exp error
   73    | Exp . DOT ID
   78    | Exp . ERROR Exp

    ASSIGN  偏移，并进入状态 91
    OR      偏移，并进入状态 92
    AND     偏移，并进入状态 93
    LT      偏移，并进入状态 94
    LE      偏移，并进入状态 95
    GT      偏移，并进入状态 96
    GE      偏移，并进入状态 97
    NE      偏移，并进入状态 98
    EQ      偏移，并进入状态 99
    PLUS    偏移，并进入状态 100
    MINUS   偏移，并进入状态 101
    MUL     偏移，并进入状态 102
    DIV     偏移，并进入状态 103
    LB      偏移，并进入状态 104
    DOT     偏移，并进入状态 105

    $default  使用规则 50 以归约 (Exp)


状态 119

   50 Exp: Exp . ASSIGN Exp
   51    | Exp . AND Exp
   52    | Exp . OR Exp
   52    | Exp OR Exp .
   53    | Exp . LT Exp
   54    | Exp . LE Exp
   55    | Exp . GT Exp
   56    | Exp . GE Exp
   57    | Exp . NE Exp
   58    | Exp . EQ Exp
   59    | Exp . PLUS Exp
   60    | Exp . MINUS Exp
   61    | Exp . MUL Exp
   62    | Exp . DIV Exp
   71    | Exp . LB Exp RB
   72    | Exp . LB Exp error
   73    | Exp . DOT ID
   78    | Exp . ERROR Exp

    AND    偏移，并进入状态 93
    LT     偏移，并进入状态 94
    LE     偏移，并进入状态 95
    GT     偏移，并进入状态 96
    GE     偏移，并进入状态 97
    NE     偏移，并进入状态 98
    EQ     偏移，并进入状态 99
    PLUS   偏移，并进入状态 100
    MINUS  偏移，并进入状态 101
    MUL    偏移，并进入状态 102
    DIV    偏移，并进入状态 103
    LB     偏移，并进入状态 104
    DOT    偏移，并进入状态 105

    $default  使用规则 52 以归约 (Exp)


状态 120

   50 Exp: Exp . ASSIGN Exp
   51    | Exp . AND Exp
   51    | Exp AND Exp .
   52    | Exp . OR Exp
   53    | Exp . LT Exp
   54    | Exp . LE Exp
   55    | Exp . GT Exp
   56    | Exp . GE Exp
   57    | Exp . NE Exp
   58    | Exp . EQ Exp
   59    | Exp . PLUS Exp
   60    | Exp . MINUS Exp
   61    | Exp . MUL Exp
   62    | Exp . DIV Exp
   71    | Exp . LB Exp RB
   72    | Exp . LB Exp error
   73    | Exp . DOT ID
   78    | Exp . ERROR Exp

    LT     偏移，并进入状态 94
    LE     偏移，并进入状态 95
    GT     偏移，并进入状态 96
    GE     偏移，并进入状态 97
    NE     偏移，并进入状态 98
    EQ     偏移，并进入状态 99
    PLUS   偏移，并进入状态 100
    MINUS  偏移，并进入状态 101
    MUL    偏移，并进入状态 102
    DIV    偏移，并进入状态 103
    LB     偏移，并进入状态 104
    DOT    偏移，并进入状态 105

    $default  使用规则 51 以归约 (Exp)


状态 121

   50 Exp: Exp . ASSIGN Exp
   51    | Exp . AND Exp
   52    | Exp . OR Exp
   53    | Exp . LT Exp
   53    | Exp LT Exp .
   54    | Exp . LE Exp
   55    | Exp . GT Exp
   56    | Exp . GE Exp
   57    | Exp . NE Exp
   58    | Exp . EQ Exp
   59    | Exp . PLUS Exp
   60    | Exp . MINUS Exp
   61    | Exp . MUL Exp
   62    | Exp . DIV Exp
   71    | Exp . LB Exp RB
   72    | Exp . LB Exp error
   73    | Exp . DOT ID
   78    | Exp . ERROR Exp

    PLUS   偏移，并进入状态 100
    MINUS  偏移，并进入状态 101
    MUL    偏移，并进入状态 102
    DIV    偏移，并进入状态 103
    LB     偏移，并进入状态 104
    DOT    偏移，并进入状态 105

    $default  使用规则 53 以归约 (Exp)


状态 122

   50 Exp: Exp . ASSIGN Exp
   51    | Exp . AND Exp
   52    | Exp . OR Exp
   53    | Exp . LT Exp
   54    | Exp . LE Exp
   54    | Exp LE Exp .
   55    | Exp . GT Exp
   56    | Exp . GE Exp
   57    | Exp . NE Exp
   58    | Exp . EQ Exp
   59    | Exp . PLUS Exp
   60    | Exp . MINUS Exp
   61    | Exp . MUL Exp
   62    | Exp . DIV Exp
   71    | Exp . LB Exp RB
   72    | Exp . LB Exp error
   73    | Exp . DOT ID
   78    | Exp . ERROR Exp

    PLUS   偏移，并进入状态 100
    MINUS  偏移，并进入状态 101
    MUL    偏移，并进入状态 102
    DIV    偏移，并进入状态 103
    LB     偏移，并进入状态 104
    DOT    偏移，并进入状态 105

    $default  使用规则 54 以归约 (Exp)


状态 123

   50 Exp: Exp . ASSIGN Exp
   51    | Exp . AND Exp
   52    | Exp . OR Exp
   53    | Exp . LT Exp
   54    | Exp . LE Exp
   55    | Exp . GT Exp
   55    | Exp GT Exp .
   56    | Exp . GE Exp
   57    | Exp . NE Exp
   58    | Exp . EQ Exp
   59    | Exp . PLUS Exp
   60    | Exp . MINUS Exp
   61    | Exp . MUL Exp
   62    | Exp . DIV Exp
   71    | Exp . LB Exp RB
   72    | Exp . LB Exp error
   73    | Exp . DOT ID
   78    | Exp . ERROR Exp

    PLUS   偏移，并进入状态 100
    MINUS  偏移，并进入状态 101
    MUL    偏移，并进入状态 102
    DIV    偏移，并进入状态 103
    LB     偏移，并进入状态 104
    DOT    偏移，并进入状态 105

    $default  使用规则 55 以归约 (Exp)


状态 124

   50 Exp: Exp . ASSIGN Exp
   51    | Exp . AND Exp
   52    | Exp . OR Exp
   53    | Exp . LT Exp
   54    | Exp . LE Exp
   55    | Exp . GT Exp
   56    | Exp . GE Exp
   56    | Exp GE Exp .
   57    | Exp . NE Exp
   58    | Exp . EQ Exp
   59    | Exp . PLUS Exp
   60    | Exp . MINUS Exp
   61    | Exp . MUL Exp
   62    | Exp . DIV Exp
   71    | Exp . LB Exp RB
   72    | Exp . LB Exp error
   73    | Exp . DOT ID
   78    | Exp . ERROR Exp

    PLUS   偏移，并进入状态 100
    MINUS  偏移，并进入状态 101
    MUL    偏移，并进入状态 102
    DIV    偏移，并进入状态 103
    LB     偏移，并进入状态 104
    DOT    偏移，并进入状态 105

    $default  使用规则 56 以归约 (Exp)


状态 125

   50 Exp: Exp . ASSIGN Exp
   51    | Exp . AND Exp
   52    | Exp . OR Exp
   53    | Exp . LT Exp
   54    | Exp . LE Exp
   55    | Exp . GT Exp
   56    | Exp . GE Exp
   57    | Exp . NE Exp
   57    | Exp NE Exp .
   58    | Exp . EQ Exp
   59    | Exp . PLUS Exp
   60    | Exp . MINUS Exp
   61    | Exp . MUL Exp
   62    | Exp . DIV Exp
   71    | Exp . LB Exp RB
   72    | Exp . LB Exp error
   73    | Exp . DOT ID
   78    | Exp . ERROR Exp

    PLUS   偏移，并进入状态 100
    MINUS  偏移，并进入状态 101
    MUL    偏移，并进入状态 102
    DIV    偏移，并进入状态 103
    LB     偏移，并进入状态 104
    DOT    偏移，并进入状态 105

    $default  使用规则 57 以归约 (Exp)


状态 126

   50 Exp: Exp . ASSIGN Exp
   51    | Exp . AND Exp
   52    | Exp . OR Exp
   53    | Exp . LT Exp
   54    | Exp . LE Exp
   55    | Exp . GT Exp
   56    | Exp . GE Exp
   57    | Exp . NE Exp
   58    | Exp . EQ Exp
   58    | Exp EQ Exp .
   59    | Exp . PLUS Exp
   60    | Exp . MINUS Exp
   61    | Exp . MUL Exp
   62    | Exp . DIV Exp
   71    | Exp . LB Exp RB
   72    | Exp . LB Exp error
   73    | Exp . DOT ID
   78    | Exp . ERROR Exp

    PLUS   偏移，并进入状态 100
    MINUS  偏移，并进入状态 101
    MUL    偏移，并进入状态 102
    DIV    偏移，并进入状态 103
    LB     偏移，并进入状态 104
    DOT    偏移，并进入状态 105

    $default  使用规则 58 以归约 (Exp)


状态 127

   50 Exp: Exp . ASSIGN Exp
   51    | Exp . AND Exp
   52    | Exp . OR Exp
   53    | Exp . LT Exp
   54    | Exp . LE Exp
   55    | Exp . GT Exp
   56    | Exp . GE Exp
   57    | Exp . NE Exp
   58    | Exp . EQ Exp
   59    | Exp . PLUS Exp
   59    | Exp PLUS Exp .
   60    | Exp . MINUS Exp
   61    | Exp . MUL Exp
   62    | Exp . DIV Exp
   71    | Exp . LB Exp RB
   72    | Exp . LB Exp error
   73    | Exp . DOT ID
   78    | Exp . ERROR Exp

    MUL  偏移，并进入状态 102
    DIV  偏移，并进入状态 103
    LB   偏移，并进入状态 104
    DOT  偏移，并进入状态 105

    $default  使用规则 59 以归约 (Exp)


状态 128

   50 Exp: Exp . ASSIGN Exp
   51    | Exp . AND Exp
   52    | Exp . OR Exp
   53    | Exp . LT Exp
   54    | Exp . LE Exp
   55    | Exp . GT Exp
   56    | Exp . GE Exp
   57    | Exp . NE Exp
   58    | Exp . EQ Exp
   59    | Exp . PLUS Exp
   60    | Exp . MINUS Exp
   60    | Exp MINUS Exp .
   61    | Exp . MUL Exp
   62    | Exp . DIV Exp
   71    | Exp . LB Exp RB
   72    | Exp . LB Exp error
   73    | Exp . DOT ID
   78    | Exp . ERROR Exp

    MUL  偏移，并进入状态 102
    DIV  偏移，并进入状态 103
    LB   偏移，并进入状态 104
    DOT  偏移，并进入状态 105

    $default  使用规则 60 以归约 (Exp)


状态 129

   50 Exp: Exp . ASSIGN Exp
   51    | Exp . AND Exp
   52    | Exp . OR Exp
   53    | Exp . LT Exp
   54    | Exp . LE Exp
   55    | Exp . GT Exp
   56    | Exp . GE Exp
   57    | Exp . NE Exp
   58    | Exp . EQ Exp
   59    | Exp . PLUS Exp
   60    | Exp . MINUS Exp
   61    | Exp . MUL Exp
   61    | Exp MUL Exp .
   62    | Exp . DIV Exp
   71    | Exp . LB Exp RB
   72    | Exp . LB Exp error
   73    | Exp . DOT ID
   78    | Exp . ERROR Exp

    LB   偏移，并进入状态 104
    DOT  偏移，并进入状态 105

    $default  使用规则 61 以归约 (Exp)


状态 130

   50 Exp: Exp . ASSIGN Exp
   51    | Exp . AND Exp
   52    | Exp . OR Exp
   53    | Exp . LT Exp
   54    | Exp . LE Exp
   55    | Exp . GT Exp
   56    | Exp . GE Exp
   57    | Exp . NE Exp
   58    | Exp . EQ Exp
   59    | Exp . PLUS Exp
   60    | Exp . MINUS Exp
   61    | Exp . MUL Exp
   62    | Exp . DIV Exp
   62    | Exp DIV Exp .
   71    | Exp . LB Exp RB
   72    | Exp . LB Exp error
   73    | Exp . DOT ID
   78    | Exp . ERROR Exp

    LB   偏移，并进入状态 104
    DOT  偏移，并进入状态 105

    $default  使用规则 62 以归约 (Exp)


状态 131

   50 Exp: Exp . ASSIGN Exp
   51    | Exp . AND Exp
   52    | Exp . OR Exp
   53    | Exp . LT Exp
   54    | Exp . LE Exp
   55    | Exp . GT Exp
   56    | Exp . GE Exp
   57    | Exp . NE Exp
   58    | Exp . EQ Exp
   59    | Exp . PLUS Exp
   60    | Exp . MINUS Exp
   61    | Exp . MUL Exp
   62    | Exp . DIV Exp
   71    | Exp . LB Exp RB
   71    | Exp LB Exp . RB
   72    | Exp . LB Exp error
   72    | Exp LB Exp . error
   73    | Exp . DOT ID
   78    | Exp . ERROR Exp

    error   偏移，并进入状态 140
    ERROR   偏移，并进入状态 90
    ASSIGN  偏移，并进入状态 91
    OR      偏移，并进入状态 92
    AND     偏移，并进入状态 93
    LT      偏移，并进入状态 94
    LE      偏移，并进入状态 95
    GT      偏移，并进入状态 96
    GE      偏移，并进入状态 97
    NE      偏移，并进入状态 98
    EQ      偏移，并进入状态 99
    PLUS    偏移，并进入状态 100
    MINUS   偏移，并进入状态 101
    MUL     偏移，并进入状态 102
    DIV     偏移，并进入状态 103
    LB      偏移，并进入状态 104
    RB      偏移，并进入状态 141
    DOT     偏移，并进入状态 105


状态 132

   73 Exp: Exp DOT ID .

    $default  使用规则 73 以归约 (Exp)


状态 133

   39 Stmt: IF LP Exp error . Stmt

    ERROR   偏移，并进入状态 57
    IF      偏移，并进入状态 58
    WHILE   偏移，并进入状态 59
    RETURN  偏移，并进入状态 60
    INT     偏移，并进入状态 61
    FLOAT   偏移，并进入状态 62
    CHAR    偏移，并进入状态 63
    ID      偏移，并进入状态 64
    MINUS   偏移，并进入状态 65
    NOT     偏移，并进入状态 66
    LP      偏移，并进入状态 67
    LC      偏移，并进入状态 24

    CompSt  转到状态 68
    Stmt    转到状态 142
    Exp     转到状态 71


状态 134

   33 Stmt: IF LP Exp RP . Stmt
   34     | IF LP Exp RP . Stmt ELSE Stmt

    ERROR   偏移，并进入状态 57
    IF      偏移，并进入状态 58
    WHILE   偏移，并进入状态 59
    RETURN  偏移，并进入状态 60
    INT     偏移，并进入状态 61
    FLOAT   偏移，并进入状态 62
    CHAR    偏移，并进入状态 63
    ID      偏移，并进入状态 64
    MINUS   偏移，并进入状态 65
    NOT     偏移，并进入状态 66
    LP      偏移，并进入状态 67
    LC      偏移，并进入状态 24

    CompSt  转到状态 68
    Stmt    转到状态 143
    Exp     转到状态 71


状态 135

   36 Stmt: WHILE LP Exp error . Stmt

    ERROR   偏移，并进入状态 57
    IF      偏移，并进入状态 58
    WHILE   偏移，并进入状态 59
    RETURN  偏移，并进入状态 60
    INT     偏移，并进入状态 61
    FLOAT   偏移，并进入状态 62
    CHAR    偏移，并进入状态 63
    ID      偏移，并进入状态 64
    MINUS   偏移，并进入状态 65
    NOT     偏移，并进入状态 66
    LP      偏移，并进入状态 67
    LC      偏移，并进入状态 24

    CompSt  转到状态 68
    Stmt    转到状态 144
    Exp     转到状态 71


状态 136

   35 Stmt: WHILE LP Exp RP . Stmt

    ERROR   偏移，并进入状态 57
    IF      偏移，并进入状态 58
    WHILE   偏移，并进入状态 59
    RETURN  偏移，并进入状态 60
    INT     偏移，并进入状态 61
    FLOAT   偏移，并进入状态 62
    CHAR    偏移，并进入状态 63
    ID      偏移，并进入状态 64
    MINUS   偏移，并进入状态 65
    NOT     偏移，并进入状态 66
    LP      偏移，并进入状态 67
    LC      偏移，并进入状态 24

    CompSt  转到状态 68
    Stmt    转到状态 145
    Exp     转到状态 71


状态 137

   80 Args: Exp COMMA . Args
   81     | Exp COMMA . COMMA Args error

    ERROR  偏移，并进入状态 57
    INT    偏移，并进入状态 61
    FLOAT  偏移，并进入状态 62
    CHAR   偏移，并进入状态 63
    ID     偏移，并进入状态 64
    MINUS  偏移，并进入状态 65
    NOT    偏移，并进入状态 66
    LP     偏移，并进入状态 67
    COMMA  偏移，并进入状态 146

    Exp   转到状态 113
    Args  转到状态 147


状态 138

   68 Exp: ID LP Args error .

    $default  使用规则 68 以归约 (Exp)


状态 139

   67 Exp: ID LP Args RP .

    $default  使用规则 67 以归约 (Exp)


状态 140

   72 Exp: Exp LB Exp error .

    $default  使用规则 72 以归约 (Exp)


状态 141

   71 Exp: Exp LB Exp RB .

    $default  使用规则 71 以归约 (Exp)


状态 142

   39 Stmt: IF LP Exp error Stmt .

    $default  使用规则 39 以归约 (Stmt)


状态 143

   33 Stmt: IF LP Exp RP Stmt .
   34     | IF LP Exp RP Stmt . ELSE Stmt

    ELSE  偏移，并进入状态 148

    $default  使用规则 33 以归约 (Stmt)


状态 144

   36 Stmt: WHILE LP Exp error Stmt .

    $default  使用规则 36 以归约 (Stmt)


状态 145

   35 Stmt: WHILE LP Exp RP Stmt .

    $default  使用规则 35 以归约 (Stmt)


状态 146

   81 Args: Exp COMMA COMMA . Args error

    ERROR  偏移，并进入状态 57
    INT    偏移，并进入状态 61
    FLOAT  偏移，并进入状态 62
    CHAR   偏移，并进入状态 63
    ID     偏移，并进入状态 64
    MINUS  偏移，并进入状态 65
    NOT    偏移，并进入状态 66
    LP     偏移，并进入状态 67

    Exp   转到状态 113
    Args  转到状态 149


状态 147

   80 Args: Exp COMMA Args .

    $default  使用规则 80 以归约 (Args)


状态 148

   34 Stmt: IF LP Exp RP Stmt ELSE . Stmt

    ERROR   偏移，并进入状态 57
    IF      偏移，并进入状态 58
    WHILE   偏移，并进入状态 59
    RETURN  偏移，并进入状态 60
    INT     偏移，并进入状态 61
    FLOAT   偏移，并进入状态 62
    CHAR    偏移，并进入状态 63
    ID      偏移，并进入状态 64
    MINUS   偏移，并进入状态 65
    NOT     偏移，并进入状态 66
    LP      偏移，并进入状态 67
    LC      偏移，并进入状态 24

    CompSt  转到状态 68
    Stmt    转到状态 150
    Exp     转到状态 71


状态 149

   81 Args: Exp COMMA COMMA Args . error

    error  偏移，并进入状态 151


状态 150

   34 Stmt: IF LP Exp RP Stmt ELSE Stmt .

    $default  使用规则 34 以归约 (Stmt)


状态 151

   81 Args: Exp COMMA COMMA Args error .

    $default  使用规则 81 以归约 (Args)
